TN:
SF:src\movie\addFavorite\handler.ts
FN:9,Object.<anonymous>.exports.default
FNF:1
FNH:1
FNDA:4,Object.<anonymous>.exports.default
DA:1,1
DA:2,1
DA:3,1
DA:4,1
DA:5,1
DA:6,1
DA:7,1
DA:8,1
DA:9,1
DA:10,4
DA:11,4
DA:12,4
DA:13,4
DA:14,4
DA:15,4
DA:16,4
DA:17,4
DA:18,4
DA:19,4
DA:20,1
DA:21,1
DA:22,1
DA:23,1
DA:24,1
DA:25,3
DA:26,3
DA:27,3
DA:28,3
DA:29,3
DA:30,3
DA:31,3
DA:32,3
DA:33,3
DA:34,3
DA:35,3
DA:36,3
DA:37,3
DA:38,3
DA:39,3
DA:40,3
DA:41,2
DA:42,2
DA:43,2
DA:44,2
DA:45,2
DA:46,4
DA:47,1
DA:48,1
DA:49,1
DA:50,1
DA:51,1
DA:52,1
DA:53,4
LF:53
LH:53
BRDA:9,0,0,4
BRDA:9,1,0,4
BRDA:19,2,0,3
BRDA:19,3,0,1
BRDA:25,4,0,3
BRDA:41,5,0,2
BRDA:46,6,0,1
BRF:7
BRH:7
end_of_record
TN:
SF:src\movie\getFavorites\handler.ts
FN:11,Object.<anonymous>.exports.default
FNF:1
FNH:1
FNDA:3,Object.<anonymous>.exports.default
DA:1,1
DA:2,1
DA:3,1
DA:4,1
DA:5,1
DA:6,1
DA:7,1
DA:8,1
DA:9,1
DA:10,1
DA:11,1
DA:12,3
DA:13,3
DA:14,3
DA:15,3
DA:16,3
DA:17,3
DA:18,3
DA:19,3
DA:20,3
DA:21,3
DA:22,3
DA:23,3
DA:24,3
DA:25,3
DA:26,3
DA:27,2
DA:28,3
DA:29,1
DA:30,1
DA:31,1
DA:32,1
DA:33,1
DA:34,1
DA:35,1
DA:36,1
DA:37,1
DA:38,1
DA:39,3
DA:40,1
DA:41,1
DA:42,1
DA:43,1
DA:44,1
DA:45,1
DA:46,3
LF:46
LH:46
BRDA:11,0,0,3
BRDA:11,1,0,3
BRDA:27,2,0,2
BRDA:28,3,0,1
BRDA:39,4,0,1
BRF:5
BRH:5
end_of_record
TN:
SF:src\movie\getMovies\handler.ts
FN:9,Object.<anonymous>.exports.default
FNF:1
FNH:1
FNDA:3,Object.<anonymous>.exports.default
DA:1,1
DA:2,1
DA:3,1
DA:4,1
DA:5,1
DA:6,1
DA:7,1
DA:8,1
DA:9,1
DA:10,3
DA:11,3
DA:12,3
DA:13,3
DA:14,3
DA:15,3
DA:16,3
DA:17,3
DA:18,3
DA:19,3
DA:20,3
DA:21,2
DA:22,3
DA:23,1
DA:24,1
DA:25,1
DA:26,1
DA:27,1
DA:28,1
DA:29,1
DA:30,1
DA:31,1
DA:32,1
DA:33,3
DA:34,1
DA:35,1
DA:36,1
DA:37,1
DA:38,1
DA:39,1
DA:40,3
LF:40
LH:40
BRDA:9,0,0,3
BRDA:9,1,0,3
BRDA:21,2,0,2
BRDA:22,3,0,1
BRDA:33,4,0,1
BRF:5
BRH:5
end_of_record
